<?xml version="1.0" encoding="UTF-8"?>
<!-- Generated by org.testng.reporters.JUnitXMLReporter -->
<testsuite hostname="EHILP-280" ignored="0" name="SampleTest" tests="1" failures="1" timestamp="2022-01-23T23:03:10 IST" time="4.381" errors="0">
  <testcase name="@AfterClass tearDown" time="0.001" classname="com.aspireapp.test.BasePage">
    <failure type="java.lang.NullPointerException">
      <![CDATA[java.lang.NullPointerException
at com.aspireapp.test.BasePage.tearDown(BasePage.java:26)
at java.util.ArrayList.forEach(ArrayList.java:1257)
... Removed 25 stack frames]]>
    </failure>
  </testcase> <!-- @AfterClass tearDown -->
  <testcase name="Login" time="0.017" classname="com.aspireapp.test.TestPage">
    <failure type="java.io.FileNotFoundException" message="C:\Users\senthil.nagaraj\Documents\POC\asptest\aspireQAtest\src\test\java\com\aspireapp\test\objects.propertie (The system cannot find the file specified)">
      <![CDATA[java.io.FileNotFoundException: C:\Users\senthil.nagaraj\Documents\POC\asptest\aspireQAtest\src\test\java\com\aspireapp\test\objects.propertie (The system cannot find the file specified)
at java.io.FileInputStream.open0(Native Method)
at java.io.FileInputStream.open(FileInputStream.java:195)
at java.io.FileInputStream.<init>(FileInputStream.java:138)
at java.io.FileInputStream.<init>(FileInputStream.java:93)
at com.aspireapp.test.UtlityPage.userInput(UtlityPage.java:11)
at com.aspireapp.test.TestPage.Login(TestPage.java:13)
at java.util.ArrayList.forEach(ArrayList.java:1257)
... Removed 27 stack frames]]>
    </failure>
  </testcase> <!-- Login -->
</testsuite> <!-- SampleTest -->
